<?xml version="1.0" encoding="UTF-8"?>
<testng-results ignored="0" total="6" passed="6" failed="0" skipped="0">
  <reporter-output>
    <line>
      <![CDATA[Home Page got displayed]]>
    </line>
    <line>
      <![CDATA[Organization Page got displayed]]>
    </line>
  </reporter-output>
  <suite started-at="2024-12-27T17:49:17 IST" name="Suite" finished-at="2024-12-27T17:50:40 IST" duration-ms="82993">
    <groups>
      <group name="regression">
        <method signature="ContactTest.createConWithOrg()[pri:0, instance:com.crm.base.contact.ContactTest@2de23121]" name="createConWithOrg" class="com.crm.base.contact.ContactTest"/>
        <method signature="ContactTest.createConWithOrgAndDate()[pri:0, instance:com.crm.base.contact.ContactTest@2de23121]" name="createConWithOrgAndDate" class="com.crm.base.contact.ContactTest"/>
        <method signature="OrganizationTest.createOrgWithIndustry()[pri:0, instance:com.crm.base.organization.OrganizationTest@3d34d211]" name="createOrgWithIndustry" class="com.crm.base.organization.OrganizationTest"/>
        <method signature="OrganizationTest.createOrgWithPhoneNumber()[pri:0, instance:com.crm.base.organization.OrganizationTest@3d34d211]" name="createOrgWithPhoneNumber" class="com.crm.base.organization.OrganizationTest"/>
      </group> <!-- regression -->
      <group name="smoke">
        <method signature="ContactTest.createCon()[pri:0, instance:com.crm.base.contact.ContactTest@2de23121]" name="createCon" class="com.crm.base.contact.ContactTest"/>
        <method signature="OrganizationTest.createOrg()[pri:0, instance:com.crm.base.organization.OrganizationTest@3d34d211]" name="createOrg" class="com.crm.base.organization.OrganizationTest"/>
      </group> <!-- smoke -->
    </groups>
    <test started-at="2024-12-27T17:49:17 IST" name="Test" finished-at="2024-12-27T17:50:40 IST" duration-ms="82993">
      <class name="com.crm.base.organization.OrganizationTest">
        <test-method is-config="true" signature="beforeSuite()[pri:0, instance:com.crm.base.organization.OrganizationTest@3d34d211]" started-at="2024-12-27T17:49:17 IST" name="beforeSuite" finished-at="2024-12-27T17:49:17 IST" duration-ms="21" status="PASS">
          <reporter-output>
          </reporter-output>
        </test-method> <!-- beforeSuite -->
        <test-method is-config="true" signature="beforeClass(java.lang.String)[pri:0, instance:com.crm.base.organization.OrganizationTest@3d34d211]" started-at="2024-12-27T17:49:17 IST" name="beforeClass" finished-at="2024-12-27T17:49:32 IST" duration-ms="14459" status="PASS">
          <params>
            <param index="0">
              <value>
                <![CDATA[chrome]]>
              </value>
            </param>
          </params>
          <reporter-output>
          </reporter-output>
        </test-method> <!-- beforeClass -->
        <test-method is-config="true" signature="beforeMethod()[pri:0, instance:com.crm.base.organization.OrganizationTest@3d34d211]" started-at="2024-12-27T17:49:32 IST" name="beforeMethod" finished-at="2024-12-27T17:49:34 IST" duration-ms="2343" status="PASS">
          <reporter-output>
          </reporter-output>
        </test-method> <!-- beforeMethod -->
        <test-method signature="createOrg()[pri:0, instance:com.crm.base.organization.OrganizationTest@3d34d211]" started-at="2024-12-27T17:49:34 IST" name="createOrg" finished-at="2024-12-27T17:49:41 IST" duration-ms="7007" status="PASS">
          <reporter-output>
          </reporter-output>
        </test-method> <!-- createOrg -->
        <test-method is-config="true" signature="afterMethod()[pri:0, instance:com.crm.base.organization.OrganizationTest@3d34d211]" started-at="2024-12-27T17:49:41 IST" name="afterMethod" finished-at="2024-12-27T17:49:42 IST" duration-ms="893" status="PASS">
          <reporter-output>
          </reporter-output>
        </test-method> <!-- afterMethod -->
        <test-method is-config="true" signature="beforeMethod()[pri:0, instance:com.crm.base.organization.OrganizationTest@3d34d211]" started-at="2024-12-27T17:49:42 IST" name="beforeMethod" finished-at="2024-12-27T17:49:43 IST" duration-ms="1514" status="PASS">
          <reporter-output>
          </reporter-output>
        </test-method> <!-- beforeMethod -->
        <test-method signature="createOrgWithIndustry()[pri:0, instance:com.crm.base.organization.OrganizationTest@3d34d211]" started-at="2024-12-27T17:49:43 IST" name="createOrgWithIndustry" finished-at="2024-12-27T17:49:50 IST" duration-ms="6163" status="PASS">
          <reporter-output>
            <line>
              <![CDATA[Home Page got displayed]]>
            </line>
            <line>
              <![CDATA[Organization Page got displayed]]>
            </line>
          </reporter-output>
        </test-method> <!-- createOrgWithIndustry -->
        <test-method is-config="true" signature="afterMethod()[pri:0, instance:com.crm.base.organization.OrganizationTest@3d34d211]" started-at="2024-12-27T17:49:50 IST" name="afterMethod" finished-at="2024-12-27T17:49:50 IST" duration-ms="959" status="PASS">
          <reporter-output>
          </reporter-output>
        </test-method> <!-- afterMethod -->
        <test-method is-config="true" signature="beforeMethod()[pri:0, instance:com.crm.base.organization.OrganizationTest@3d34d211]" started-at="2024-12-27T17:49:50 IST" name="beforeMethod" finished-at="2024-12-27T17:49:52 IST" duration-ms="1513" status="PASS">
          <reporter-output>
          </reporter-output>
        </test-method> <!-- beforeMethod -->
        <test-method signature="createOrgWithPhoneNumber()[pri:0, instance:com.crm.base.organization.OrganizationTest@3d34d211]" started-at="2024-12-27T17:49:52 IST" name="createOrgWithPhoneNumber" finished-at="2024-12-27T17:49:59 IST" duration-ms="6748" status="PASS">
          <reporter-output>
          </reporter-output>
        </test-method> <!-- createOrgWithPhoneNumber -->
        <test-method is-config="true" signature="afterMethod()[pri:0, instance:com.crm.base.organization.OrganizationTest@3d34d211]" started-at="2024-12-27T17:49:59 IST" name="afterMethod" finished-at="2024-12-27T17:50:00 IST" duration-ms="1038" status="PASS">
          <reporter-output>
          </reporter-output>
        </test-method> <!-- afterMethod -->
        <test-method is-config="true" signature="afterClass()[pri:0, instance:com.crm.base.organization.OrganizationTest@3d34d211]" started-at="2024-12-27T17:50:00 IST" name="afterClass" finished-at="2024-12-27T17:50:00 IST" duration-ms="495" status="PASS">
          <reporter-output>
          </reporter-output>
        </test-method> <!-- afterClass -->
        <test-method is-config="true" signature="afterSuite()[pri:0, instance:com.crm.base.organization.OrganizationTest@3d34d211]" started-at="2024-12-27T17:50:40 IST" name="afterSuite" finished-at="2024-12-27T17:50:40 IST" duration-ms="0" status="PASS">
          <reporter-output>
          </reporter-output>
        </test-method> <!-- afterSuite -->
      </class> <!-- com.crm.base.organization.OrganizationTest -->
      <class name="com.crm.base.contact.ContactTest">
        <test-method is-config="true" signature="beforeClass(java.lang.String)[pri:0, instance:com.crm.base.contact.ContactTest@2de23121]" started-at="2024-12-27T17:50:00 IST" name="beforeClass" finished-at="2024-12-27T17:50:02 IST" duration-ms="1991" status="PASS">
          <params>
            <param index="0">
              <value>
                <![CDATA[chrome]]>
              </value>
            </param>
          </params>
          <reporter-output>
          </reporter-output>
        </test-method> <!-- beforeClass -->
        <test-method is-config="true" signature="beforeMethod()[pri:0, instance:com.crm.base.contact.ContactTest@2de23121]" started-at="2024-12-27T17:50:02 IST" name="beforeMethod" finished-at="2024-12-27T17:50:05 IST" duration-ms="2404" status="PASS">
          <reporter-output>
          </reporter-output>
        </test-method> <!-- beforeMethod -->
        <test-method signature="createCon()[pri:0, instance:com.crm.base.contact.ContactTest@2de23121]" started-at="2024-12-27T17:50:05 IST" name="createCon" finished-at="2024-12-27T17:50:14 IST" duration-ms="9283" status="PASS">
          <reporter-output>
          </reporter-output>
        </test-method> <!-- createCon -->
        <test-method is-config="true" signature="afterMethod()[pri:0, instance:com.crm.base.contact.ContactTest@2de23121]" started-at="2024-12-27T17:50:14 IST" name="afterMethod" finished-at="2024-12-27T17:50:15 IST" duration-ms="1164" status="PASS">
          <reporter-output>
          </reporter-output>
        </test-method> <!-- afterMethod -->
        <test-method is-config="true" signature="beforeMethod()[pri:0, instance:com.crm.base.contact.ContactTest@2de23121]" started-at="2024-12-27T17:50:15 IST" name="beforeMethod" finished-at="2024-12-27T17:50:17 IST" duration-ms="2055" status="PASS">
          <reporter-output>
          </reporter-output>
        </test-method> <!-- beforeMethod -->
        <test-method signature="createConWithOrg()[pri:0, instance:com.crm.base.contact.ContactTest@2de23121]" started-at="2024-12-27T17:50:17 IST" name="createConWithOrg" finished-at="2024-12-27T17:50:27 IST" duration-ms="9358" status="PASS">
          <reporter-output>
          </reporter-output>
        </test-method> <!-- createConWithOrg -->
        <test-method is-config="true" signature="afterMethod()[pri:0, instance:com.crm.base.contact.ContactTest@2de23121]" started-at="2024-12-27T17:50:27 IST" name="afterMethod" finished-at="2024-12-27T17:50:27 IST" duration-ms="941" status="PASS">
          <reporter-output>
          </reporter-output>
        </test-method> <!-- afterMethod -->
        <test-method is-config="true" signature="beforeMethod()[pri:0, instance:com.crm.base.contact.ContactTest@2de23121]" started-at="2024-12-27T17:50:27 IST" name="beforeMethod" finished-at="2024-12-27T17:50:29 IST" duration-ms="1950" status="PASS">
          <reporter-output>
          </reporter-output>
        </test-method> <!-- beforeMethod -->
        <test-method signature="createConWithOrgAndDate()[pri:0, instance:com.crm.base.contact.ContactTest@2de23121]" started-at="2024-12-27T17:50:29 IST" name="createConWithOrgAndDate" finished-at="2024-12-27T17:50:39 IST" duration-ms="9383" status="PASS">
          <reporter-output>
          </reporter-output>
        </test-method> <!-- createConWithOrgAndDate -->
        <test-method is-config="true" signature="afterMethod()[pri:0, instance:com.crm.base.contact.ContactTest@2de23121]" started-at="2024-12-27T17:50:39 IST" name="afterMethod" finished-at="2024-12-27T17:50:40 IST" duration-ms="928" status="PASS">
          <reporter-output>
          </reporter-output>
        </test-method> <!-- afterMethod -->
        <test-method is-config="true" signature="afterClass()[pri:0, instance:com.crm.base.contact.ContactTest@2de23121]" started-at="2024-12-27T17:50:40 IST" name="afterClass" finished-at="2024-12-27T17:50:40 IST" duration-ms="333" status="PASS">
          <reporter-output>
          </reporter-output>
        </test-method> <!-- afterClass -->
      </class> <!-- com.crm.base.contact.ContactTest -->
    </test> <!-- Test -->
  </suite> <!-- Suite -->
</testng-results>
