<?xml version="1.0" encoding="UTF-8"?>
<testng-results ignored="0" total="4" passed="4" failed="0" skipped="0">
  <reporter-output>
    <line>
      <![CDATA[Home Page got displayed]]>
    </line>
    <line>
      <![CDATA[Organization Page got displayed]]>
    </line>
  </reporter-output>
  <suite started-at="2025-01-04T10:50:43 IST" name="Suite" finished-at="2025-01-04T10:51:39 IST" duration-ms="55237">
    <groups>
      <group name="regression">
        <method signature="ContactTest.createConWithOrg()[pri:0, instance:com.crm.base.contact.ContactTest@1f59a598]" name="createConWithOrg" class="com.crm.base.contact.ContactTest"/>
        <method signature="ContactTest.createConWithOrgAndDate()[pri:0, instance:com.crm.base.contact.ContactTest@1f59a598]" name="createConWithOrgAndDate" class="com.crm.base.contact.ContactTest"/>
        <method signature="OrganizationTest.createOrgWithIndustry()[pri:0, instance:com.crm.base.organization.OrganizationTest@2e377400]" name="createOrgWithIndustry" class="com.crm.base.organization.OrganizationTest"/>
        <method signature="OrganizationTest.createOrgWithPhoneNumber()[pri:0, instance:com.crm.base.organization.OrganizationTest@2e377400]" name="createOrgWithPhoneNumber" class="com.crm.base.organization.OrganizationTest"/>
      </group> <!-- regression -->
    </groups>
    <test started-at="2025-01-04T10:50:43 IST" name="Test" finished-at="2025-01-04T10:51:39 IST" duration-ms="55237">
      <class name="com.crm.base.organization.OrganizationTest">
        <test-method is-config="true" signature="beforeClass(java.lang.String)[pri:0, instance:com.crm.base.organization.OrganizationTest@2e377400]" started-at="2025-01-04T10:51:15 IST" name="beforeClass" finished-at="2025-01-04T10:51:17 IST" duration-ms="1971" status="PASS">
          <params>
            <param index="0">
              <value>
                <![CDATA[chrome]]>
              </value>
            </param>
          </params>
          <reporter-output>
          </reporter-output>
        </test-method> <!-- beforeClass -->
        <test-method is-config="true" signature="beforeMethod()[pri:0, instance:com.crm.base.organization.OrganizationTest@2e377400]" started-at="2025-01-04T10:51:17 IST" name="beforeMethod" finished-at="2025-01-04T10:51:20 IST" duration-ms="2299" status="PASS">
          <reporter-output>
          </reporter-output>
        </test-method> <!-- beforeMethod -->
        <test-method signature="createOrgWithIndustry()[pri:0, instance:com.crm.base.organization.OrganizationTest@2e377400]" started-at="2025-01-04T10:51:20 IST" name="createOrgWithIndustry" finished-at="2025-01-04T10:51:27 IST" duration-ms="7550" status="PASS">
          <reporter-output>
            <line>
              <![CDATA[Home Page got displayed]]>
            </line>
            <line>
              <![CDATA[Organization Page got displayed]]>
            </line>
          </reporter-output>
        </test-method> <!-- createOrgWithIndustry -->
        <test-method is-config="true" signature="afterMethod()[pri:0, instance:com.crm.base.organization.OrganizationTest@2e377400]" started-at="2025-01-04T10:51:27 IST" name="afterMethod" finished-at="2025-01-04T10:51:28 IST" duration-ms="1093" status="PASS">
          <reporter-output>
          </reporter-output>
        </test-method> <!-- afterMethod -->
        <test-method is-config="true" signature="beforeMethod()[pri:0, instance:com.crm.base.organization.OrganizationTest@2e377400]" started-at="2025-01-04T10:51:28 IST" name="beforeMethod" finished-at="2025-01-04T10:51:30 IST" duration-ms="1792" status="PASS">
          <reporter-output>
          </reporter-output>
        </test-method> <!-- beforeMethod -->
        <test-method signature="createOrgWithPhoneNumber()[pri:0, instance:com.crm.base.organization.OrganizationTest@2e377400]" started-at="2025-01-04T10:51:30 IST" name="createOrgWithPhoneNumber" finished-at="2025-01-04T10:51:37 IST" duration-ms="7245" status="PASS">
          <reporter-output>
          </reporter-output>
        </test-method> <!-- createOrgWithPhoneNumber -->
        <test-method is-config="true" signature="afterMethod()[pri:0, instance:com.crm.base.organization.OrganizationTest@2e377400]" started-at="2025-01-04T10:51:37 IST" name="afterMethod" finished-at="2025-01-04T10:51:38 IST" duration-ms="1093" status="PASS">
          <reporter-output>
          </reporter-output>
        </test-method> <!-- afterMethod -->
        <test-method is-config="true" signature="afterClass()[pri:0, instance:com.crm.base.organization.OrganizationTest@2e377400]" started-at="2025-01-04T10:51:38 IST" name="afterClass" finished-at="2025-01-04T10:51:39 IST" duration-ms="308" status="PASS">
          <reporter-output>
          </reporter-output>
        </test-method> <!-- afterClass -->
      </class> <!-- com.crm.base.organization.OrganizationTest -->
      <class name="com.crm.base.contact.ContactTest">
        <test-method is-config="true" signature="beforeSuite()[pri:0, instance:com.crm.base.contact.ContactTest@1f59a598]" started-at="2025-01-04T10:50:43 IST" name="beforeSuite" finished-at="2025-01-04T10:50:43 IST" duration-ms="22" status="PASS">
          <reporter-output>
          </reporter-output>
        </test-method> <!-- beforeSuite -->
        <test-method is-config="true" signature="beforeClass(java.lang.String)[pri:0, instance:com.crm.base.contact.ContactTest@1f59a598]" started-at="2025-01-04T10:50:44 IST" name="beforeClass" finished-at="2025-01-04T10:50:47 IST" duration-ms="3059" status="PASS">
          <params>
            <param index="0">
              <value>
                <![CDATA[chrome]]>
              </value>
            </param>
          </params>
          <reporter-output>
          </reporter-output>
        </test-method> <!-- beforeClass -->
        <test-method is-config="true" signature="beforeMethod()[pri:0, instance:com.crm.base.contact.ContactTest@1f59a598]" started-at="2025-01-04T10:50:47 IST" name="beforeMethod" finished-at="2025-01-04T10:50:50 IST" duration-ms="3091" status="PASS">
          <reporter-output>
          </reporter-output>
        </test-method> <!-- beforeMethod -->
        <test-method signature="createConWithOrg()[pri:0, instance:com.crm.base.contact.ContactTest@1f59a598]" started-at="2025-01-04T10:50:50 IST" name="createConWithOrg" finished-at="2025-01-04T10:51:01 IST" duration-ms="11538" status="PASS">
          <reporter-output>
          </reporter-output>
        </test-method> <!-- createConWithOrg -->
        <test-method is-config="true" signature="afterMethod()[pri:0, instance:com.crm.base.contact.ContactTest@1f59a598]" started-at="2025-01-04T10:51:01 IST" name="afterMethod" finished-at="2025-01-04T10:51:02 IST" duration-ms="1144" status="PASS">
          <reporter-output>
          </reporter-output>
        </test-method> <!-- afterMethod -->
        <test-method is-config="true" signature="beforeMethod()[pri:0, instance:com.crm.base.contact.ContactTest@1f59a598]" started-at="2025-01-04T10:51:02 IST" name="beforeMethod" finished-at="2025-01-04T10:51:05 IST" duration-ms="2353" status="PASS">
          <reporter-output>
          </reporter-output>
        </test-method> <!-- beforeMethod -->
        <test-method signature="createConWithOrgAndDate()[pri:0, instance:com.crm.base.contact.ContactTest@1f59a598]" started-at="2025-01-04T10:51:05 IST" name="createConWithOrgAndDate" finished-at="2025-01-04T10:51:14 IST" duration-ms="9183" status="PASS">
          <reporter-output>
          </reporter-output>
        </test-method> <!-- createConWithOrgAndDate -->
        <test-method is-config="true" signature="afterMethod()[pri:0, instance:com.crm.base.contact.ContactTest@1f59a598]" started-at="2025-01-04T10:51:14 IST" name="afterMethod" finished-at="2025-01-04T10:51:15 IST" duration-ms="1122" status="PASS">
          <reporter-output>
          </reporter-output>
        </test-method> <!-- afterMethod -->
        <test-method is-config="true" signature="afterClass()[pri:0, instance:com.crm.base.contact.ContactTest@1f59a598]" started-at="2025-01-04T10:51:15 IST" name="afterClass" finished-at="2025-01-04T10:51:15 IST" duration-ms="333" status="PASS">
          <reporter-output>
          </reporter-output>
        </test-method> <!-- afterClass -->
        <test-method is-config="true" signature="afterSuite()[pri:0, instance:com.crm.base.contact.ContactTest@1f59a598]" started-at="2025-01-04T10:51:39 IST" name="afterSuite" finished-at="2025-01-04T10:51:39 IST" duration-ms="0" status="PASS">
          <reporter-output>
          </reporter-output>
        </test-method> <!-- afterSuite -->
      </class> <!-- com.crm.base.contact.ContactTest -->
    </test> <!-- Test -->
  </suite> <!-- Suite -->
</testng-results>
