<?xml version="1.0" encoding="UTF-8"?>
<!-- Generated by org.testng.reporters.JUnitXMLReporter -->
<testsuite ignored="4" hostname="DESKTOP-N46G1GJ" failures="0" tests="4" name="Test" time="55.237" errors="0" timestamp="2025-01-04T10:51:39 IST">
  <testcase classname="com.crm.base.contact.ContactTest" name="createConWithOrg" time="11.538"/>
  <testcase classname="com.crm.base.contact.ContactTest" name="createConWithOrgAndDate" time="9.183"/>
  <testcase classname="com.crm.base.organization.OrganizationTest" name="createOrgWithIndustry" time="7.55"/>
  <testcase classname="com.crm.base.organization.OrganizationTest" name="createOrgWithPhoneNumber" time="7.245"/>
  <testcase classname="com.crm.base.organization.OrganizationTest" name="createOrg" time="0.0">
    <ignored/>
  </testcase> <!-- createOrg -->
  <testcase classname="com.crm.generic.baseclassutility.BaseClass" name="@AfterSuite afterSuite" time="0.0">
    <ignored/>
  </testcase> <!-- @AfterSuite afterSuite -->
  <testcase classname="com.crm.base.contact.ContactTest" name="createCon" time="0.0">
    <ignored/>
  </testcase> <!-- createCon -->
  <testcase classname="com.crm.generic.baseclassutility.BaseClass" name="@BeforeSuite beforeSuite" time="0.0">
    <ignored/>
  </testcase> <!-- @BeforeSuite beforeSuite -->
</testsuite> <!-- Test -->
