<?xml version="1.0" encoding="UTF-8"?>
<!-- Generated by org.testng.reporters.JUnitXMLReporter -->
<testsuite ignored="2" hostname="DESKTOP-N46G1GJ" failures="0" tests="6" name="Test" time="82.993" errors="0" timestamp="2024-12-27T17:50:40 IST">
  <testcase classname="com.crm.base.organization.OrganizationTest" name="createOrg" time="7.007"/>
  <testcase classname="com.crm.base.organization.OrganizationTest" name="createOrgWithIndustry" time="6.163"/>
  <testcase classname="com.crm.base.organization.OrganizationTest" name="createOrgWithPhoneNumber" time="6.748"/>
  <testcase classname="com.crm.base.contact.ContactTest" name="createCon" time="9.283"/>
  <testcase classname="com.crm.base.contact.ContactTest" name="createConWithOrg" time="9.358"/>
  <testcase classname="com.crm.base.contact.ContactTest" name="createConWithOrgAndDate" time="9.383"/>
  <testcase classname="com.crm.generic.baseclassutility.BaseClass" name="@BeforeSuite beforeSuite" time="0.0">
    <ignored/>
  </testcase> <!-- @BeforeSuite beforeSuite -->
  <testcase classname="com.crm.generic.baseclassutility.BaseClass" name="@AfterSuite afterSuite" time="0.0">
    <ignored/>
  </testcase> <!-- @AfterSuite afterSuite -->
</testsuite> <!-- Test -->
