<?xml version="1.0" encoding="UTF-8"?>
<!-- Generated by org.testng.reporters.JUnitXMLReporter -->
<testsuite ignored="6" hostname="DESKTOP-N46G1GJ" failures="0" tests="2" name="Test" time="27.65" errors="0" timestamp="2025-01-04T10:45:11 IST">
  <testcase classname="com.crm.base.contact.ContactTest" name="createCon" time="8.128"/>
  <testcase classname="com.crm.base.organization.OrganizationTest" name="createOrg" time="7.52"/>
  <testcase classname="com.crm.base.contact.ContactTest" name="createConWithOrgAndDate" time="0.0">
    <ignored/>
  </testcase> <!-- createConWithOrgAndDate -->
  <testcase classname="com.crm.base.contact.ContactTest" name="createConWithOrg" time="0.0">
    <ignored/>
  </testcase> <!-- createConWithOrg -->
  <testcase classname="com.crm.base.organization.OrganizationTest" name="createOrgWithPhoneNumber" time="0.0">
    <ignored/>
  </testcase> <!-- createOrgWithPhoneNumber -->
  <testcase classname="com.crm.base.organization.OrganizationTest" name="createOrgWithIndustry" time="0.0">
    <ignored/>
  </testcase> <!-- createOrgWithIndustry -->
  <testcase classname="com.crm.generic.baseclassutility.BaseClass" name="@AfterSuite afterSuite" time="0.0">
    <ignored/>
  </testcase> <!-- @AfterSuite afterSuite -->
  <testcase classname="com.crm.generic.baseclassutility.BaseClass" name="@BeforeSuite beforeSuite" time="0.0">
    <ignored/>
  </testcase> <!-- @BeforeSuite beforeSuite -->
</testsuite> <!-- Test -->
